[05-Feb-2025 04:34:47 Europe/Moscow] PHP Fatal error:  Uncaught Error: Cannot use object of type mysqli as array in /var/www/u2832577/data/www/bibliary-web-bronir.ru/admin-panel/api.php:56
Stack trace:
#0 /var/www/u2832577/data/www/bibliary-web-bronir.ru/admin-panel/add-product.php(31): addProduct(Object(mysqli), '\xD1\x86\xD0\xB0\xD1\x80\xD1\x81\xD0\xBA\xD0\xB8\xD0\xB9 ...', '\xD1\x86\xD0\xB0\xD1\x80\xD1\x81\xD0\xBA\xD0\xB8\xD0\xB9 ...', '\xD1\x86\xD0\xB0\xD1\x80\xD1\x81\xD0\xBA\xD0\xB8\xD0\xB9 ...', 1, '\xD1\x86\xD0\xB0\xD1\x80\xD1\x81\xD0\xBA\xD0\xB8\xD0\xB9 ...', '\xD1\x86\xD0\xB0\xD1\x80\xD1\x81\xD0\xBA\xD0\xB8\xD0\xB9 ...', 50000.0)
#1 /var/www/u2832577/data/www/bibliary-web-bronir.ru/admin-panel/admin-panel.php(61): include('/var/www/u28325...')
#2 {main}
  thrown in /var/www/u2832577/data/www/bibliary-web-bronir.ru/admin-panel/api.php on line 56
[05-Feb-2025 04:35:58 Europe/Moscow] PHP Fatal error:  Uncaught Error: Cannot use object of type mysqli as array in /var/www/u2832577/data/www/bibliary-web-bronir.ru/admin-panel/api.php:56
Stack trace:
#0 /var/www/u2832577/data/www/bibliary-web-bronir.ru/admin-panel/add-product.php(31): addProduct(Object(mysqli), 'falser', 'falser', 'falser', 1, 'falser', 'falser', 5000.0)
#1 /var/www/u2832577/data/www/bibliary-web-bronir.ru/admin-panel/admin-panel.php(61): include('/var/www/u28325...')
#2 {main}
  thrown in /var/www/u2832577/data/www/bibliary-web-bronir.ru/admin-panel/api.php on line 56
[05-Feb-2025 04:54:28 Europe/Moscow] PHP Fatal error:  Uncaught Error: Call to undefined function ensureDirectoryExists() in /var/www/u2832577/data/www/bibliary-web-bronir.ru/admin-panel/add-product.php:45
Stack trace:
#0 /var/www/u2832577/data/www/bibliary-web-bronir.ru/admin-panel/admin-panel.php(61): include()
#1 {main}
  thrown in /var/www/u2832577/data/www/bibliary-web-bronir.ru/admin-panel/add-product.php on line 45
[05-Feb-2025 04:55:06 Europe/Moscow] PHP Fatal error:  Uncaught Error: Call to undefined function ensureDirectoryExists() in /var/www/u2832577/data/www/bibliary-web-bronir.ru/admin-panel/add-product.php:45
Stack trace:
#0 /var/www/u2832577/data/www/bibliary-web-bronir.ru/admin-panel/admin-panel.php(61): include()
#1 {main}
  thrown in /var/www/u2832577/data/www/bibliary-web-bronir.ru/admin-panel/add-product.php on line 45
[05-Feb-2025 05:31:30 Europe/Moscow] Error [2] Attempt to read property "insert_id" on bool on line 76 in file /var/www/u2832577/data/www/bibliary-web-bronir.ru/admin-panel/api.php
[05-Feb-2025 05:31:50 Europe/Moscow] Error [2] Attempt to read property "insert_id" on bool on line 76 in file /var/www/u2832577/data/www/bibliary-web-bronir.ru/admin-panel/api.php
[05-Feb-2025 05:46:09 Europe/Moscow] Error [2] Undefined variable $db on line 76 in file /var/www/u2832577/data/www/bibliary-web-bronir.ru/admin-panel/api.php
[05-Feb-2025 05:47:31 Europe/Moscow] Error [2] Undefined variable $db on line 81 in file /var/www/u2832577/data/www/bibliary-web-bronir.ru/admin-panel/api.php
[05-Feb-2025 05:47:52 Europe/Moscow] Error [2] Undefined variable $db on line 82 in file /var/www/u2832577/data/www/bibliary-web-bronir.ru/admin-panel/api.php
[05-Feb-2025 05:47:59 Europe/Moscow] Error [2] Undefined variable $db on line 82 in file /var/www/u2832577/data/www/bibliary-web-bronir.ru/admin-panel/api.php
[05-Feb-2025 05:48:43 Europe/Moscow] Error [2] Undefined variable $db on line 83 in file /var/www/u2832577/data/www/bibliary-web-bronir.ru/admin-panel/api.php
[05-Feb-2025 06:03:26 Europe/Moscow] Error [2] Undefined variable $db on line 78 in file /var/www/u2832577/data/www/bibliary-web-bronir.ru/admin-panel/api.php
[05-Feb-2025 06:09:51 Europe/Moscow] Error [2] Undefined variable $db on line 78 in file /var/www/u2832577/data/www/bibliary-web-bronir.ru/admin-panel/api.php
